<?xml version="1.0" encoding="UTF-8"?>
<!-- Generated by org.testng.reporters.JUnitReportReporter -->
<testsuite hostname="IT301222" name="com.cucumber.parallel.cardekho.runners.Runner_home_page_feature" tests="1" failures="0" timestamp="13 Jun 2019 04:08:52 GMT" time="0.383" errors="0">
  <testcase name="runCuke" time="0.383" classname="com.cucumber.parallel.cardekho.runners.Runner_home_page_feature"/>
</testsuite> <!-- com.cucumber.parallel.cardekho.runners.Runner_home_page_feature -->
