<?xml version="1.0" encoding="UTF-8"?>
<!-- Generated by org.testng.reporters.JUnitReportReporter -->
<testsuite hostname="IT301222" name="com.cucumber.parallel.mobile.runners.Runner_home_page_feature" tests="1" failures="0" timestamp="15 Jun 2019 23:54:30 GMT" time="19.495" errors="0">
  <testcase name="runCuke" time="19.495" classname="com.cucumber.parallel.mobile.runners.Runner_home_page_feature"/>
</testsuite> <!-- com.cucumber.parallel.mobile.runners.Runner_home_page_feature -->
