<?xml version="1.0" encoding="UTF-8"?>
<!-- Generated by org.testng.reporters.JUnitReportReporter -->
<testsuite hostname="IT301222" name="com.cucumber.parallel.mobile.runners.Runner_home_page_feature" tests="2" failures="0" timestamp="21 Jun 2019 04:02:41 GMT" time="24.271" errors="0">
  <testcase name="runCuke" time="11.510" classname="com.cucumber.parallel.mobile.runners.Runner_home_page_feature"/>
  <testcase name="runCuke" time="12.761" classname="com.cucumber.parallel.mobile.runners.Runner_home_page_feature"/>
</testsuite> <!-- com.cucumber.parallel.mobile.runners.Runner_home_page_feature -->
