<?xml version="1.0" encoding="UTF-8"?>
<!-- Generated by org.testng.reporters.JUnitReportReporter -->
<testsuite hostname="IT301222" name="com.cucumber.parallel.mobile.runners.Runner_home_page_feature" tests="1" failures="0" timestamp="20 Jun 2019 07:21:20 GMT" time="45.304" errors="0">
  <testcase name="runCuke" time="45.304" classname="com.cucumber.parallel.mobile.runners.Runner_home_page_feature"/>
</testsuite> <!-- com.cucumber.parallel.mobile.runners.Runner_home_page_feature -->
